<?xml version="1.0" encoding="UTF-8"?>
<!-- Generated by org.testng.reporters.JUnitXMLReporter -->
<testsuite ignored="0" hostname="IBM-PF38F00E" failures="0" tests="1" name="ChromeTest" time="21.281" errors="0" timestamp="2023-05-30T00:23:36 IST">
  <testcase classname="Selenium.CrossBrowser" name="@BeforeTest setup" time="0.076">
    <failure type="java.lang.IllegalStateException" message="The driver executable must exist: C:\Software\drivers\msedgedriver.exe">
      <![CDATA[java.lang.IllegalStateException: The driver executable must exist: C:\Software\drivers\msedgedriver.exe
at org.openqa.selenium.internal.Require$FileStateChecker.isFile(Require.java:345)
at org.openqa.selenium.remote.service.DriverFinder.getPath(DriverFinder.java:40)
at org.openqa.selenium.edge.EdgeDriver.generateExecutor(EdgeDriver.java:70)
at org.openqa.selenium.edge.EdgeDriver.<init>(EdgeDriver.java:60)
at org.openqa.selenium.edge.EdgeDriver.<init>(EdgeDriver.java:56)
at org.openqa.selenium.edge.EdgeDriver.<init>(EdgeDriver.java:48)
at org.openqa.selenium.edge.EdgeDriver.<init>(EdgeDriver.java:44)
at Selenium.CrossBrowser.setup(CrossBrowser.java:29)
at java.base/java.util.concurrent.FutureTask.run(FutureTask.java:264)
at java.base/java.util.concurrent.ThreadPoolExecutor.runWorker(ThreadPoolExecutor.java:1136)
at java.base/java.util.concurrent.ThreadPoolExecutor$Worker.run(ThreadPoolExecutor.java:635)
at java.base/java.lang.Thread.run(Thread.java:833)
... Removed 14 stack frames]]>
    </failure>
  </testcase> <!-- @BeforeTest setup -->
  <testcase classname="Selenium.CrossBrowser" name="petStoreTC1" time="18.176"/>
</testsuite> <!-- ChromeTest -->
